<?xml version="1.0" encoding="UTF-8"?>
<testsuites name="Mocha Tests" time="4.0090" tests="7" failures="5">
  <testsuite name="Root Suite" timestamp="2021-07-23T05:15:12" tests="0" time="0.0000" failures="0">
  </testsuite>
  <testsuite name="express_pagination_middleware" timestamp="2021-07-23T05:15:12" tests="7" file="/projects/challenge/test/index.spec.js" time="4.0090" failures="5">
    <testcase name="express_pagination_middleware Should have the context object in the request" time="0.0020" classname="Should have the context object in the request">
    </testcase>
    <testcase name="express_pagination_middleware Should have property id, timestamp, path in trace object" time="0.0020" classname="Should have property id, timestamp, path in trace object">
      <failure message="expected { Object (page, limit, ...) } to have property &apos;searchTerm&apos;" type="AssertionError"><![CDATA[AssertionError: expected { Object (page, limit, ...) } to have property 'searchTerm'
    at Context.it (test/index.spec.js:33:33)]]></failure>
    </testcase>
    <testcase name="express_pagination_middleware Should have the default page, limit and skip property values" time="0.0010" classname="Should have the default page, limit and skip property values">
    </testcase>
    <testcase name="express_pagination_middleware Should set the correct skip value based on page and limit" time="0.0010" classname="Should set the correct skip value based on page and limit">
      <failure message="expected 0 to equal 125" type="AssertionError"><![CDATA[AssertionError: expected 0 to equal 125
    at Context.it (test/index.spec.js:48:33)]]></failure>
    </testcase>
    <testcase name="express_pagination_middleware Should have a valid search property in context object" time="0.0000" classname="Should have a valid search property in context object">
      <failure message="Cannot read property &apos;should&apos; of undefined" type="TypeError"><![CDATA[TypeError: Cannot read property 'should' of undefined
    at Context.it (test/index.spec.js:57:32)]]></failure>
    </testcase>
    <testcase name="express_pagination_middleware Should respond with the correct data - 1 " time="2.0020" classname="Should respond with the correct data - 1 ">
      <failure message="Timeout of 2000ms exceeded. For async tests and hooks, ensure &quot;done()&quot; is called; if returning a Promise, ensure it resolves. (/projects/challenge/test/index.spec.js)" type="Error"><![CDATA[Error: Timeout of 2000ms exceeded. For async tests and hooks, ensure "done()" is called; if returning a Promise, ensure it resolves. (/projects/challenge/test/index.spec.js)]]></failure>
    </testcase>
    <testcase name="express_pagination_middleware Should respond with the correct data - 2" time="2.0010" classname="Should respond with the correct data - 2">
      <failure message="Timeout of 2000ms exceeded. For async tests and hooks, ensure &quot;done()&quot; is called; if returning a Promise, ensure it resolves. (/projects/challenge/test/index.spec.js)" type="Error"><![CDATA[Error: Timeout of 2000ms exceeded. For async tests and hooks, ensure "done()" is called; if returning a Promise, ensure it resolves. (/projects/challenge/test/index.spec.js)]]></failure>
    </testcase>
  </testsuite>
</testsuites>